Arguments: 
  D:\Program Files (x86)\node js\node.exe D:\nodereps\npm_global\node_modules\yarn\bin\yarn.js install --force

PATH: 
  %JAVA_HOME%\bin;C:\ProgramData\Oracle\Java\javapath;D:\Program Files (x86)\VMware\VMware Workstation\bin\;C:\WINDOWS\system32;C:\WINDOWS;C:\WINDOWS\System32\Wbem;C:\WINDOWS\System32\WindowsPowerShell\v1.0\;C:\WINDOWS\System32\OpenSSH\;C:\Program Files\Microsoft SQL Server\120\DTS\Binn\;C:\Program Files\Microsoft SQL Server\Client SDK\ODBC\110\Tools\Binn\;C:\Program Files (x86)\Microsoft SQL Server\120\Tools\Binn\;C:\Program Files\Microsoft SQL Server\120\Tools\Binn\;C:\Program Files (x86)\Microsoft SQL Server\120\Tools\Binn\ManagementStudio\;C:\Program Files (x86)\Microsoft SQL Server\120\DTS\Binn\;D:\Program Files (x86)\Xftp\;D:\Program Files (x86)\Xshell\;D:\Program Files (x86)\Git\cmd;D:\Program Files (x86)\node js\;D:\Program Files\Redis\;D:\nodereps\npm_global\node_modules\yarn\bin;%MAVEN_HOME%\bin;C:\Users\Administrator\AppData\Local\Programs\Python\Python310\Scripts\;C:\Users\Administrator\AppData\Local\Programs\Python\Python310\;C:\Users\Administrator\AppData\Local\Microsoft\WindowsApps;D:\Program Files (x86)\Microsoft VS Code\bin;C:\Users\Administrator\AppData\Roaming\npm;C:\Program Files\Google\Chrome\Application;D:\ProgramData\Anaconda3;D:\ProgramData\Anaconda3\Scripts;C:\Program Files\Bandizip\;C:\Users\Administrator\AppData\Local\GitHubDesktop\bin

Yarn version: 
  1.22.17

Node version: 
  12.13.0

Platform: 
  win32 x64

Trace: 
  Error: getaddrinfo EAI_AGAIN registry.npmmirror.com
      at GetAddrInfoReqWrap.onlookup [as oncomplete] (dns.js:60:26)

npm manifest: 
  {
    "name": "theme-vdoing-doc",
    "version": "1.0.0",
    "scripts": {
      "dev": "vuepress dev docs",
      "build": "vuepress build docs",
      "deploy": "bash deploy.sh",
      "updateTheme": "npm uninstall vuepress-theme-vdoing && rm -rf node_modules && npm i && npm i vuepress-theme-vdoing -D",
      "editFm": "node utils/editFrontmatter.js"
    },
    "license": "MIT",
    "devDependencies": {
      "dayjs": "^1.9.7",
      "inquirer": "^7.1.0",
      "json2yaml": "^1.1.0",
      "vuepress": "^1.4.1",
      "vuepress-plugin-baidu-tongji": "^1.0.1",
      "vuepress-plugin-demo-block": "^0.7.2",
      "vuepress-plugin-one-click-copy": "^1.0.2",
      "vuepress-plugin-thirdparty-search": "^1.0.2",
      "vuepress-plugin-zooming": "^1.1.7",
      "vuepress-theme-vdoing": "^1.8.1",
      "yamljs": "^0.3.0"
    },
    "dependencies": {}
  }

yarn manifest: 
  No manifest

Lockfile: 
  No lockfile
